[06:12:02] [main/INFO]: Loading Minecraft 1.20.1 with Fabric Loader 0.17.3
[06:12:02] [main/INFO]: Fabric is preparing JARs on first launch, this may take a few seconds...
[06:12:02] [ForkJoinPool-1-worker-1/WARN]: The mod "dungeons_arise" contains invalid entries in its mod json:
- Unsupported root entry "credits" at line 12 column 12
[06:12:02] [main/INFO]: Loading 182 mods:
	- appleskin 2.5.1+mc1.20
	- architectury 9.2.14
	- balm-fabric 7.2.2
	- bbb 1.20.1-fabric-1.0.2
	- bookshelf 20.1.10
	- cardinal-components 5.2.3
	   |-- cardinal-components-base 5.2.3
	   |-- cardinal-components-block 5.2.3
	   |-- cardinal-components-chunk 5.2.3
	   |-- cardinal-components-entity 5.2.3
	   |-- cardinal-components-item 5.2.3
	   |-- cardinal-components-level 5.2.3
	   |-- cardinal-components-scoreboard 5.2.3
	   \-- cardinal-components-world 5.2.3
	- carryon 2.1.2.7
	- cicada 0.7.1+1.20.1
	- cleancut 6.0+mc1.19.1-mc1.20.x
	- cloth-config 11.1.118
	   \-- cloth-basic-math 0.6.1
	- clumps 12.0.0.4
	- cobblemon 1.5.2+1.20.1
	- cobblemon-fight-them-all 1.0.1+cobblemon-1.5.2-beta
	- cobblenav 1.3.5
	   \-- fabric-permissions-api-v0 0.2-SNAPSHOT
	- cobblepedia 0.6.8
	- collective 7.57
	- corgilib 4.0.3.4
	   |-- com_electronwill_night-config_core 3.8.2
	   \-- com_electronwill_night-config_toml 3.8.2
	- coroutil 1.20.1-1.3.7
	- craftingtweaks 18.2.3
	- create 6.0.7.0+build.1728-mc1.20.1
	   |-- com_google_code_findbugs_jsr305 3.0.2
	   |-- flywheel 1.0.5+1.20.1.build.264
	   |-- milk 1.2.60
	   |    \-- dripstone_fluid_lib 3.0.2
	   |-- ponder 1.0.91
	   |    |-- com_google_code_findbugs_jsr305 3.0.2
	   |    |-- flywheel 1.0.0
	   |    |-- javax_annotation_javax_annotation-api 1.3.2
	   |    \-- porting_lib_base 2.3.12+1.20.1
	   |         |-- porting_lib_attributes 2.3.12+1.20.1
	   |         |-- porting_lib_common 2.3.12+1.20.1
	   |         |-- porting_lib_config 2.3.12+1.20.1
	   |         |-- porting_lib_core 2.3.12+1.20.1
	   |         |-- porting_lib_fluids 2.3.12+1.20.1
	   |         |-- porting_lib_gui_utils 2.3.12+1.20.1
	   |         |-- porting_lib_lazy_registration 2.3.12+1.20.1
	   |         |-- porting_lib_mixin_extensions 2.3.12+1.20.1
	   |         |-- porting_lib_utility 2.3.12+1.20.1
	   |         \-- reach-entity-attributes 2.4.0
	   |-- porting_lib_accessors 2.3.12+1.20.1
	   |    \-- porting_lib_core 2.3.12+1.20.1
	   |-- porting_lib_base 2.3.12+1.20.1
	   |    |-- porting_lib_attributes 2.3.12+1.20.1
	   |    |-- porting_lib_common 2.3.12+1.20.1
	   |    |-- porting_lib_config 2.3.12+1.20.1
	   |    |-- porting_lib_core 2.3.12+1.20.1
	   |    |-- porting_lib_fluids 2.3.12+1.20.1
	   |    |-- porting_lib_gui_utils 2.3.12+1.20.1
	   |    |-- porting_lib_lazy_registration 2.3.12+1.20.1
	   |    |-- porting_lib_mixin_extensions 2.3.12+1.20.1
	   |    |-- porting_lib_utility 2.3.12+1.20.1
	   |    \-- reach-entity-attributes 2.4.0
	   |-- porting_lib_brewing 2.3.12+1.20.1
	   |    \-- porting_lib_core 2.3.12+1.20.1
	   |-- porting_lib_client_events 2.3.12+1.20.1
	   |    \-- porting_lib_core 2.3.12+1.20.1
	   |-- porting_lib_entity 2.3.12+1.20.1
	   |    |-- porting_lib_core 2.3.12+1.20.1
	   |    \-- porting_lib_mixin_extensions 2.3.12+1.20.1
	   |-- porting_lib_extensions 2.3.12+1.20.1
	   |    |-- porting_lib_attributes 2.3.12+1.20.1
	   |    |-- porting_lib_common 2.3.12+1.20.1
	   |    |-- porting_lib_core 2.3.12+1.20.1
	   |    \-- reach-entity-attributes 2.4.0
	   |-- porting_lib_model_generators 2.3.12+1.20.1
	   |    |-- porting_lib_core 2.3.12+1.20.1
	   |    |-- porting_lib_data 2.3.12+1.20.1
	   |    |-- porting_lib_model_materials 2.3.12+1.20.1
	   |    \-- porting_lib_utility 2.3.12+1.20.1
	   |-- porting_lib_models 2.3.12+1.20.1
	   |    |-- porting_lib_core 2.3.12+1.20.1
	   |    |-- porting_lib_fluids 2.3.12+1.20.1
	   |    \-- porting_lib_model_loader 2.3.12+1.20.1
	   |-- porting_lib_networking 2.3.12+1.20.1
	   |    \-- porting_lib_core 2.3.12+1.20.1
	   |-- porting_lib_obj_loader 2.3.12+1.20.1
	   |    |-- porting_lib_core 2.3.12+1.20.1
	   |    \-- porting_lib_model_loader 2.3.12+1.20.1
	   |-- porting_lib_tool_actions 2.3.12+1.20.1
	   |    \-- porting_lib_core 2.3.12+1.20.1
	   |-- porting_lib_transfer 2.3.12+1.20.1
	   |    |-- porting_lib_core 2.3.12+1.20.1
	   |    \-- porting_lib_fluids 2.3.12+1.20.1
	   |-- reach-entity-attributes 2.4.0
	   \-- registrate-fabric 1.3.79-MC1.20.1
	        |-- com_google_code_findbugs_jsr305 3.0.2
	        \-- porting_lib_tags 3.0
	             \-- porting_lib_gametest 2.1.1090+1.20
	- dismountentity 3.2
	- dungeons_arise 2.1.57
	- fabric-api 0.92.6+1.20.1
	   |-- fabric-api-base 0.4.32+1802ada577
	   |-- fabric-api-lookup-api-v1 1.6.37+1802ada577
	   |-- fabric-biome-api-v1 13.0.14+1802ada577
	   |-- fabric-block-api-v1 1.0.12+1802ada577
	   |-- fabric-block-view-api-v2 1.0.3+924f046a77
	   |-- fabric-blockrenderlayer-v1 1.1.42+1802ada577
	   |-- fabric-client-tags-api-v1 1.1.3+1802ada577
	   |-- fabric-command-api-v1 1.2.35+f71b366f77
	   |-- fabric-command-api-v2 2.2.14+1802ada577
	   |-- fabric-commands-v0 0.2.52+df3654b377
	   |-- fabric-containers-v0 0.1.67+df3654b377
	   |-- fabric-content-registries-v0 4.0.13+1802ada577
	   |-- fabric-convention-tags-v1 1.5.6+1802ada577
	   |-- fabric-crash-report-info-v1 0.2.20+1802ada577
	   |-- fabric-data-attachment-api-v1 1.0.2+de0fd6d177
	   |-- fabric-data-generation-api-v1 12.3.7+1802ada577
	   |-- fabric-dimensions-v1 2.1.55+1802ada577
	   |-- fabric-entity-events-v1 1.6.1+1c78457f77
	   |-- fabric-events-interaction-v0 0.6.5+13a40c6677
	   |-- fabric-events-lifecycle-v0 0.2.64+df3654b377
	   |-- fabric-game-rule-api-v1 1.0.41+1802ada577
	   |-- fabric-item-api-v1 2.1.29+1802ada577
	   |-- fabric-item-group-api-v1 4.0.14+1802ada577
	   |-- fabric-key-binding-api-v1 1.0.38+1802ada577
	   |-- fabric-keybindings-v0 0.2.36+df3654b377
	   |-- fabric-lifecycle-events-v1 2.2.23+1802ada577
	   |-- fabric-loot-api-v2 1.2.3+1802ada577
	   |-- fabric-loot-tables-v1 1.1.47+9e7660c677
	   |-- fabric-message-api-v1 5.1.10+1802ada577
	   |-- fabric-mining-level-api-v1 2.1.52+1802ada577
	   |-- fabric-model-loading-api-v1 1.0.4+1802ada577
	   |-- fabric-models-v0 0.4.3+9386d8a777
	   |-- fabric-networking-api-v1 1.3.14+a158aa0477
	   |-- fabric-networking-v0 0.3.54+df3654b377
	   |-- fabric-object-builder-api-v1 11.1.5+e35120df77
	   |-- fabric-particles-v1 1.1.3+1802ada577
	   |-- fabric-recipe-api-v1 1.0.24+1802ada577
	   |-- fabric-registry-sync-v0 2.3.6+1802ada577
	   |-- fabric-renderer-api-v1 3.2.2+1802ada577
	   |-- fabric-renderer-indigo 1.5.3+85287f9f77
	   |-- fabric-renderer-registries-v1 3.2.47+df3654b377
	   |-- fabric-rendering-data-attachment-v1 0.3.39+92a0d36777
	   |-- fabric-rendering-fluids-v1 3.0.29+1802ada577
	   |-- fabric-rendering-v0 1.1.50+df3654b377
	   |-- fabric-rendering-v1 3.0.9+1802ada577
	   |-- fabric-resource-conditions-api-v1 2.3.9+1802ada577
	   |-- fabric-resource-loader-v0 0.11.12+fb82e9d777
	   |-- fabric-screen-api-v1 2.0.9+1802ada577
	   |-- fabric-screen-handler-api-v1 1.3.33+1802ada577
	   |-- fabric-sound-api-v1 1.0.14+1802ada577
	   |-- fabric-transfer-api-v1 3.3.6+8dd72ea377
	   \-- fabric-transitive-access-wideners-v1 4.3.2+1802ada577
	- fabric-language-kotlin 1.10.20+kotlin.1.9.24
	   |-- org_jetbrains_kotlin_kotlin-reflect 1.9.24
	   |-- org_jetbrains_kotlin_kotlin-stdlib 1.9.24
	   |-- org_jetbrains_kotlin_kotlin-stdlib-jdk7 1.9.24
	   |-- org_jetbrains_kotlin_kotlin-stdlib-jdk8 1.9.24
	   |-- org_jetbrains_kotlinx_atomicfu-jvm 0.24.0
	   |-- org_jetbrains_kotlinx_kotlinx-coroutines-core-jvm 1.8.0
	   |-- org_jetbrains_kotlinx_kotlinx-coroutines-jdk8 1.8.0
	   |-- org_jetbrains_kotlinx_kotlinx-datetime-jvm 0.5.0
	   |-- org_jetbrains_kotlinx_kotlinx-serialization-cbor-jvm 1.6.3
	   |-- org_jetbrains_kotlinx_kotlinx-serialization-core-jvm 1.6.3
	   \-- org_jetbrains_kotlinx_kotlinx-serialization-json-jvm 1.6.3
	- fabricloader 0.17.3
	   \-- mixinextras 0.5.0
	- fallingtree 4.3.4
	- farmersdelight 1.20.1-2.4.0+refabricated
	   |-- mm 2.3
	   |-- porting_lib_loot 2.3.8+1.20.1
	   \-- porting_lib_recipe_book_categories 2.3.8+1.20.1
	- ferritecore 6.0.1
	- fightorflight 0.5.0
	- forgeconfigapiport 8.0.0
	- geckolib 4.8.2
	   \-- com_eliotlash_mclib_mclib 20
	- iceberg 1.1.18
	- immersive_aircraft 1.4.0+1.20.1
	   \-- org_mariuszgromada_math_mathparser_org-mxparser 5.2.1
	- java 17
	- konkrete 1.8.1
	- krypton 0.2.3
	   \-- com_velocitypowered_velocity-native 3.2.0-SNAPSHOT
	- lazydfu 0.1.3
	- letmedespawn 1.2.0
	- levelz 1.4.13
	- libz 1.0.3
	   |-- com_fasterxml_jackson_core_jackson-annotations 2.15.2
	   |-- com_fasterxml_jackson_core_jackson-core 2.15.2
	   \-- com_fasterxml_jackson_core_jackson-databind 2.15.2
	- lithium 0.11.2
	- lithostitched 1.4.11
	- lootr 0.7.35.85
	- memoryleakfix 1.1.5
	- minecraft 1.20.1
	- monsters_in_the_closet 1.0.3+1.20
	- netherportalfix 13.0.1
	- patchouli 1.20.1-84.1-FABRIC
	   \-- fiber 0.23.0-2
	- playerxp 1.0.1+1.20.1
	- seasons 2.3+1.20
	- slimyfloor 1.20-1.2.8
	- starlight 1.1.2+fabric.dbc156f
	- stendhal 1.4.1-1.20
	   \-- libgui 8.0.1+1.20
	        |-- jankson 5.0.1+j1.2.2
	        |    \-- blue_endless_jankson 1.2.2
	        \-- libninepatch 1.2.0
	- superflatworldnoslimes 3.2
	- terrablender 3.0.1.10
	- travelersbackpack 9.1.41
	   \-- reach-entity-attributes 2.4.0
	- vmp 0.2.0+beta.7.102
	- voicechat 1.20.1-2.6.6
	   |-- fabric-key-binding-api-v1 1.0.36+fb8d95da82
	   \-- voicechat_api 2.6.0
	- watut 1.20.1-1.2.3
	- yet_another_config_lib_v3 3.6.6+1.20.1-fabric
	   |-- com_twelvemonkeys_common_common-image 3.12.0
	   |-- com_twelvemonkeys_common_common-io 3.12.0
	   |-- com_twelvemonkeys_common_common-lang 3.12.0
	   |-- com_twelvemonkeys_imageio_imageio-core 3.12.0
	   |-- com_twelvemonkeys_imageio_imageio-metadata 3.12.0
	   |-- com_twelvemonkeys_imageio_imageio-webp 3.12.0
	   |-- org_quiltmc_parsers_gson 0.2.1
	   \-- org_quiltmc_parsers_json 0.2.1
	- yungsapi 1.20-Fabric-4.0.6
	   |-- org_javassist_javassist 3.29.2-GA
	   \-- org_reflections_reflections 0.10.2
[06:12:03] [main/INFO]: SpongePowered MIXIN Subsystem Version=0.8.7 Source=file:/home/user/cobblemon_server/server/libraries/net/fabricmc/sponge-mixin/0.16.5+mixin.0.8.7/sponge-mixin-0.16.5+mixin.0.8.7.jar Service=Knot/Fabric Env=SERVER
[06:12:03] [main/INFO]: Compatibility level set to JAVA_17
[06:12:03] [main/WARN]: Reference map 'coroutil.refmap.json' for coroutil_fabric.mixins.json could not be read. If this is a development environment you can ignore this message
[06:12:03] [main/INFO]: Loaded configuration file for Lithium: 115 options available, 2 override(s) found
[06:12:03] [main/WARN]: Reference map 'memoryleakfix-fabric-1.17+-fabric-refmap.json' for memoryleakfix-fabric.mixins.json could not be read. If this is a development environment you can ignore this message
[06:12:03] [main/INFO]: Successfully started async appender with [ServerGuiConsole, SysOut, File]
[06:12:03] [main/WARN]: Error loading class: net/minecraft/class_881 (java.lang.ClassNotFoundException: net/minecraft/class_881)
[06:12:03] [main/WARN]: @Mixin target net.minecraft.class_881 was not found porting_lib_base.mixins.json:client.BoatRendererMixin from mod porting_lib_base
[06:12:03] [main/WARN]: Error loading class: net/minecraft/class_525 (java.lang.ClassNotFoundException: net/minecraft/class_525)
[06:12:03] [main/WARN]: @Mixin target net.minecraft.class_525 was not found porting_lib_base.mixins.json:client.CreateWorldScreenMixin from mod porting_lib_base
[06:12:03] [main/WARN]: Error loading class: net/minecraft/class_906 (java.lang.ClassNotFoundException: net/minecraft/class_906)
[06:12:03] [main/WARN]: @Mixin target net.minecraft.class_906 was not found porting_lib_tool_actions.mixins.json:FishingHookRendererMixin from mod porting_lib_tool_actions
[06:12:03] [main/WARN]: Error loading class: net/minecraft/class_310 (java.lang.ClassNotFoundException: net/minecraft/class_310)
[06:12:03] [main/WARN]: @Mixin target net.minecraft.class_310 was not found cleancut.mixins.json:MinecraftClientMixin from mod cleancut
[06:12:03] [main/WARN]: Error loading class: juuxel/adorn/block/variant/BlockVariantSets (java.lang.ClassNotFoundException: juuxel/adorn/block/variant/BlockVariantSets)
[06:12:03] [main/WARN]: @Mixin target juuxel.adorn.block.variant.BlockVariantSets was not found mixins.cobblemon-common.json:invoker.AdornRegisterInvoker from mod cobblemon
[06:12:04] [main/WARN]: Force-disabling mixin 'alloc.blockstate.StateMixin' as rule 'mixin.alloc.blockstate' (added by mods [ferritecore]) disables it and children
[06:12:04] [main/WARN]: Force-disabling mixin 'world.player_chunk_tick.ThreadedAnvilChunkStorageMixin' as rule 'mixin.world.player_chunk_tick' (added by mods [krypton, vmp]) disables it and children
[06:12:04] [main/WARN]: Error loading class: net/minecraft/class_310 (java.lang.ClassNotFoundException: net/minecraft/class_310)
[06:12:04] [main/WARN]: @Mixin target net.minecraft.class_310 was not found monsters_in_the_closet.mixins.json:MinecraftClientMixin from mod monsters_in_the_closet
[06:12:04] [main/WARN]: Error loading class: net/minecraft/class_471 (java.lang.ClassNotFoundException: net/minecraft/class_471)
[06:12:04] [main/WARN]: @Mixin target net.minecraft.class_471 was not found stendhal.mixins.json:AnvilScreenMixin from mod stendhal
[06:12:04] [main/WARN]: Error loading class: net/minecraft/class_473 (java.lang.ClassNotFoundException: net/minecraft/class_473)
[06:12:04] [main/WARN]: @Mixin target net.minecraft.class_473 was not found stendhal.mixins.json:BookEditScreenMixin from mod stendhal
[06:12:04] [main/WARN]: Error loading class: net/minecraft/class_3872 (java.lang.ClassNotFoundException: net/minecraft/class_3872)
[06:12:04] [main/WARN]: @Mixin target net.minecraft.class_3872 was not found stendhal.mixins.json:BookScreenMixin from mod stendhal
[06:12:04] [main/WARN]: Error loading class: net/minecraft/class_408 (java.lang.ClassNotFoundException: net/minecraft/class_408)
[06:12:04] [main/WARN]: @Mixin target net.minecraft.class_408 was not found stendhal.mixins.json:ChatScreenMixin from mod stendhal
[06:12:04] [main/WARN]: Error loading class: net/minecraft/class_7743 (java.lang.ClassNotFoundException: net/minecraft/class_7743)
[06:12:04] [main/WARN]: @Mixin target net.minecraft.class_7743 was not found stendhal.mixins.json:SignEditScreenMixin from mod stendhal
[06:12:04] [main/WARN]: Error loading class: com/ishland/c2me/notickvd/common/NoTickChunkSendingInterceptor (java.lang.ClassNotFoundException: com/ishland/c2me/notickvd/common/NoTickChunkSendingInterceptor)
[06:12:04] [main/WARN]: Error loading class: dev/ftb/mods/ftbchunks/client/gui/LargeMapScreen (java.lang.ClassNotFoundException: dev/ftb/mods/ftbchunks/client/gui/LargeMapScreen)
[06:12:04] [main/WARN]: @Mixin target dev.ftb.mods.ftbchunks.client.gui.LargeMapScreen was not found create.mixins.json:compat.ftbchunks.LargeMapScreenAccessor from mod create
[06:12:04] [main/WARN]: Error loading class: dev/ftb/mods/ftbchunks/client/gui/RegionMapPanel (java.lang.ClassNotFoundException: dev/ftb/mods/ftbchunks/client/gui/RegionMapPanel)
[06:12:04] [main/WARN]: @Mixin target dev.ftb.mods.ftbchunks.client.gui.RegionMapPanel was not found create.mixins.json:compat.ftbchunks.RegionMapPanelAccessor from mod create
[06:12:04] [main/INFO]: [MemoryLeakFix] Will be applying 1 memory leak fixes!
[06:12:04] [main/INFO]: [MemoryLeakFix] Currently enabled memory leak fixes: [biomeTemperatureLeak]
[06:12:04] [main/INFO]: Initializing MixinExtras via com.llamalad7.mixinextras.service.MixinExtrasServiceImpl(version=0.5.0).
[06:12:10] [main/INFO]: Fixing MC-151457. Crafting remainder for minecraft:pufferfish_bucket is now minecraft:bucket.
[06:12:10] [main/INFO]: Fixing MC-151457. Crafting remainder for minecraft:salmon_bucket is now minecraft:bucket.
[06:12:10] [main/INFO]: Fixing MC-151457. Crafting remainder for minecraft:cod_bucket is now minecraft:bucket.
[06:12:10] [main/INFO]: Fixing MC-151457. Crafting remainder for minecraft:tropical_fish_bucket is now minecraft:bucket.
[06:12:10] [main/INFO]: Fixing MC-151457. Crafting remainder for minecraft:axolotl_bucket is now minecraft:bucket.
[06:12:10] [main/INFO]: Fixing MC-151457. Crafting remainder for minecraft:powder_snow_bucket is now minecraft:bucket.
[06:12:10] [main/INFO]: Fixing MC-151457. Crafting remainder for minecraft:tadpole_bucket is now minecraft:bucket.
[06:12:10] [main/INFO]: Booting LaxPermissionValidator, permissions will be checked using Minecrafts permission level system, see https://minecraft.fandom.com/wiki/Permission_level
[06:12:10] [main/INFO]: Launching Cobblemon 1.5.2 
[06:12:10] [main/INFO]: Booting FabricPermissionValidator, permissions will be checked using fabric-permissions-api, see https://github.com/lucko/fabric-permissions-api
[06:12:10] [Cicada thread 0/INFO]: 'what'
[06:12:10] [Cicada thread 0/INFO]: 'that's not you'
[06:12:10] [Cicada thread 0/INFO]: '8 was the eight version of you and the first version of louise and was eaten by dicedpixels in the bite of 87'
[06:12:10] [Cicada thread 0/INFO]: '9 was the ninth version of you and the second version of louise and sadly escaped, before infiltrating this thread as louise'
[06:12:10] [Cicada thread 0/INFO]: '10 was the tenth version of you and was stabbed'
[06:12:10] [Cicada thread 0/INFO]: '11 was the eleventh version of you and the only one deemed sane enough to be released in the wild'
[06:12:11] [main/ERROR]: No data fixer registered for cobblemon:pokemon
[06:12:11] [main/ERROR]: No data fixer registered for cobblemon:empty_pokeball
[06:12:11] [main/ERROR]: No data fixer registered for cobblemon:boat
[06:12:11] [main/ERROR]: No data fixer registered for cobblemon:chest_boat
[06:12:11] [main/ERROR]: No data fixer registered for cobblemon:generic_bedrock
[06:12:11] [main/INFO]: Starting the Best Spawner...
[06:12:11] [main/INFO]: Loaded 5 spawning condition types.
[06:12:11] [main/INFO]: Loaded 5 spawning context types.
[06:12:11] [main/INFO]: Loaded 1 spawn detail types.
[06:12:11] [main/INFO]: cobblemon-fight-them-all.mixins.json:IPokemonSpeciesAccessor from mod cobblemon-fight-them-all->@Accessor[FIELD_GETTER]::getSpeciesByIdentifier()Ljava/util/HashMap; should be static as its target is
[06:12:11] [main/INFO]: cobblemon-fight-them-all.mixins.json:IPokemonSpeciesAccessor from mod cobblemon-fight-them-all->@Accessor[FIELD_GETTER]::getSpeciesByDex()Lcom/google/common/collect/HashBasedTable; should be static as its target is
[06:12:11] [main/INFO]: cobblemon-fight-them-all.mixins.json:IPokemonSpeciesAccessor from mod cobblemon-fight-them-all->@Accessor[FIELD_GETTER]::getImplements()Ljava/util/List; should be static as its target is
[06:12:12] [Cobblemon Showdown/INFO]: Starting showdown service...
[06:12:14] [Cobblemon Showdown/INFO]: Showdown has been started!
[06:12:14] [main/INFO]: Note: Cobblemon data registries are only loaded once per server instance as Pokémon species are not safe to reload.
[06:12:14] [main/INFO]: Registered the cobblemon:species_features registry
[06:12:14] [main/INFO]: Registered the cobblemon:global_species_features registry
[06:12:14] [main/INFO]: Registered the cobblemon:species_feature_assignments registry
[06:12:14] [main/INFO]: Registered the cobblemon:action_effects registry
[06:12:14] [main/INFO]: Registered the cobblemon:moves registry
[06:12:14] [main/INFO]: Registered the cobblemon:abilities registry
[06:12:14] [main/INFO]: Registered the cobblemon:species registry
[06:12:14] [main/INFO]: Registered the cobblemon:species_additions registry
[06:12:14] [main/INFO]: Registered the cobblemon:pokeballs registry
[06:12:14] [main/INFO]: Registered the cobblemon:properties_tab_completion registry
[06:12:14] [main/INFO]: Registered the cobblemon:spawn_detail_presets registry
[06:12:14] [main/INFO]: Registered the cobblemon:spawn_rules registry
[06:12:14] [main/INFO]: Registered the cobblemon:mechanics registry
[06:12:14] [main/INFO]: Registered the cobblemon:bag_items registry
[06:12:14] [main/INFO]: Registered the cobblemon:dialogues registry
[06:12:14] [main/INFO]: Registered the cobblemon:natural_materials registry
[06:12:14] [main/INFO]: Registered the cobblemon:fossils registry
[06:12:14] [main/INFO]: Registered the cobblemon:spawn_pool_world registry
[06:12:14] [main/INFO]: Registered the cobblemon:berries registry
[06:12:14] [main/INFO]: [Cobblemon: Fight Them All]: loading server config...
[06:12:14] [main/INFO]: Config file './config/cobblemon_fight_them_all_server.json5' does not exist. Creating it with default values.
[06:12:14] [main/INFO]: Serializing class com.zero_delusions.fight_them_all.core.config.ServerConfig to './config/cobblemon_fight_them_all_server.json5'
[06:12:14] [main/INFO]: [Cobblemon: Fight Them All]: server config is loaded!
[06:12:14] [main/INFO]: [Cobblemon: Fight Them All]: mod is fully loaded!
[06:12:14] [main/INFO]: Initializing cobblenav config
[06:12:14] [main/INFO]: Registering items for cobblenav
[06:12:14] [main/INFO]: Loading Collective version 7.57.
[06:12:14] [main/INFO]: Initializing network...
[06:12:14] [main/INFO]: Initialized network!
[06:12:14] [main/INFO]: fabric loader environment detected
[06:12:14] [main/WARN]: Configuration file ./config/CoroUtil/General.toml is not correct. Correcting
[06:12:14] [main/WARN]: Incorrect key general was corrected from null to its default, SynchronizedConfig{DataHolder:{}}. 
[06:12:14] [main/WARN]: Incorrect key general.useLoggingLog was corrected from null to its default, true. 
[06:12:14] [main/WARN]: Incorrect key general.useLoggingDebug was corrected from null to its default, false. 
[06:12:14] [main/WARN]: Incorrect key general.useLoggingError was corrected from null to its default, true. 
[06:12:14] [main/INFO]: Create 6.0.7.0 initializing!
[06:12:16] [main/WARN]: Configuration file ./config/create-common.toml is not correct. Correcting
[06:12:16] [main/WARN]: Incorrect key worldgen was corrected from null to its default, SynchronizedConfig{DataHolder:{}}. 
[06:12:16] [main/WARN]: Incorrect key worldgen.disableWorldGen was corrected from null to its default, false. 
[06:12:16] [main/WARN]: Configuration file ./config/create-client.toml is not correct. Correcting
[06:12:16] [main/WARN]: Incorrect key client was corrected from null to its default, SynchronizedConfig{DataHolder:{}}. 
[06:12:16] [main/WARN]: Incorrect key client.enableTooltips was corrected from null to its default, true. 
[06:12:16] [main/WARN]: Incorrect key client.enableOverstressedTooltip was corrected from null to its default, true. 
[06:12:16] [main/WARN]: Incorrect key client.explainRenderErrors was corrected from null to its default, false. 
[06:12:16] [main/WARN]: Incorrect key client.fanParticleDensity was corrected from null to its default, 0.5. 
[06:12:16] [main/WARN]: Incorrect key client.filterItemRenderDistance was corrected from null to its default, 10.0. 
[06:12:16] [main/WARN]: Incorrect key client.mainMenuConfigButtonRow was corrected from null to its default, 2. 
[06:12:16] [main/WARN]: Incorrect key client.mainMenuConfigButtonOffsetX was corrected from null to its default, -4. 
[06:12:16] [main/WARN]: Incorrect key client.ingameMenuConfigButtonRow was corrected from null to its default, 3. 
[06:12:16] [main/WARN]: Incorrect key client.ingameMenuConfigButtonOffsetX was corrected from null to its default, -4. 
[06:12:16] [main/WARN]: Incorrect key client.ignoreFabulousWarning was corrected from null to its default, false. 
[06:12:16] [main/WARN]: Incorrect key client.rotateWhenSeated was corrected from null to its default, true. 
[06:12:16] [main/WARN]: Incorrect key client.fluidUnitType was corrected from null to its default, MILLIBUCKETS. 
[06:12:16] [main/WARN]: Incorrect key client.simplifyFluidUnit was corrected from null to its default, true. 
[06:12:16] [main/WARN]: Incorrect key client.toolboxHotbarOverlayOffset was corrected from null to its default, 0. 
[06:12:16] [main/WARN]: Incorrect key client.fluidFogSettings was corrected from null to its default, SynchronizedConfig{DataHolder:{}}. 
[06:12:16] [main/WARN]: Incorrect key client.fluidFogSettings.honey was corrected from null to its default, 1.0. 
[06:12:16] [main/WARN]: Incorrect key client.fluidFogSettings.chocolate was corrected from null to its default, 1.0. 
[06:12:16] [main/WARN]: Incorrect key client.goggleOverlay was corrected from null to its default, SynchronizedConfig{DataHolder:{}}. 
[06:12:16] [main/WARN]: Incorrect key client.goggleOverlay.overlayOffsetX was corrected from null to its default, 20. 
[06:12:16] [main/WARN]: Incorrect key client.goggleOverlay.overlayOffsetY was corrected from null to its default, 0. 
[06:12:16] [main/WARN]: Incorrect key client.goggleOverlay.customColorsOverlay was corrected from null to its default, false. 
[06:12:16] [main/WARN]: Incorrect key client.goggleOverlay.customBackgroundOverlay was corrected from null to its default, -267386864. 
[06:12:16] [main/WARN]: Incorrect key client.goggleOverlay.customBorderTopOverlay was corrected from null to its default, 1347420415. 
[06:12:16] [main/WARN]: Incorrect key client.goggleOverlay.customBorderBotOverlay was corrected from null to its default, 1344798847. 
[06:12:16] [main/WARN]: Incorrect key client.sound was corrected from null to its default, SynchronizedConfig{DataHolder:{}}. 
[06:12:16] [main/WARN]: Incorrect key client.sound.enableAmbientSounds was corrected from null to its default, true. 
[06:12:16] [main/WARN]: Incorrect key client.sound.ambientVolumeCap was corrected from null to its default, 0.10000000149011612. 
[06:12:16] [main/WARN]: Incorrect key client.jeiIntegration was corrected from null to its default, SynchronizedConfig{DataHolder:{}}. 
[06:12:16] [main/WARN]: Incorrect key client.jeiIntegration.syncJeiSearch was corrected from null to its default, true. 
[06:12:16] [main/WARN]: Incorrect key client.trains was corrected from null to its default, SynchronizedConfig{DataHolder:{}}. 
[06:12:16] [main/WARN]: Incorrect key client.trains.mountedZoomMultiplier was corrected from null to its default, 3.0. 
[06:12:16] [main/WARN]: Incorrect key client.trains.showTrackGraphOnF3 was corrected from null to its default, false. 
[06:12:16] [main/WARN]: Incorrect key client.trains.showExtendedTrackGraphOnF3 was corrected from null to its default, false. 
[06:12:16] [main/WARN]: Incorrect key client.trains.showTrainMapOverlay was corrected from null to its default, true. 
[06:12:16] [main/WARN]: Incorrect key client.trains.trainMapColorTheme was corrected from null to its default, RED. 
[06:12:16] [main/ERROR]: No data fixer registered for rotten_tomato
[06:12:16] [main/INFO]: Hello Fabric world from Fight or Flight!
[06:12:16] [main/ERROR]: No data fixer registered for immersive_aircraft:gyrodyne
[06:12:16] [main/ERROR]: No data fixer registered for immersive_aircraft:biplane
[06:12:16] [main/ERROR]: No data fixer registered for immersive_aircraft:airship
[06:12:16] [main/ERROR]: No data fixer registered for immersive_aircraft:cargo_airship
[06:12:16] [main/ERROR]: No data fixer registered for immersive_aircraft:warship
[06:12:16] [main/ERROR]: No data fixer registered for immersive_aircraft:quadrocopter
[06:12:16] [main/ERROR]: No data fixer registered for immersive_aircraft:bamboo_hopper
[06:12:16] [main/ERROR]: No data fixer registered for immersive_aircraft:bullet
[06:12:16] [main/ERROR]: No data fixer registered for immersive_aircraft:tiny_tnt
[06:12:16] [main/INFO]: [KONKRETE] Successfully initialized!
[06:12:16] [main/INFO]: [KONKRETE] Server-side libs ready to use!
[06:12:16] [main/INFO]: Compression will use libdeflate (Linux x86_64), encryption will use OpenSSL 3.0.x (Linux x86_64)
[06:12:17] [main/INFO]: Definitely not up to no good
[06:12:17] [main/WARN]: Configuration file ./config/ponder-client.toml is not correct. Correcting
[06:12:17] [main/WARN]: Incorrect key comfyReading was corrected from null to its default, false. 
[06:12:17] [main/WARN]: Incorrect key editingMode was corrected from null to its default, false. 
[06:12:17] [main/WARN]: Incorrect key placementAssist was corrected from null to its default, SynchronizedConfig{DataHolder:{}}. 
[06:12:17] [main/WARN]: Incorrect key placementAssist.indicatorType was corrected from null to its default, TEXTURE. 
[06:12:17] [main/WARN]: Incorrect key placementAssist.indicatorScale was corrected from null to its default, 1.0. 
[06:12:17] [main/INFO]: [Fabric Seasons] Trying to read config file...
[06:12:17] [main/INFO]: [Fabric Seasons] No config file found, creating a new one...
[06:12:17] [main/INFO]: [Fabric Seasons] Successfully created default config file.
[06:12:17] [main/INFO]: [Stendhal] Initializing
[06:12:17] [main/INFO]: [STDOUT]: [Stendhal] Config folder created.
[06:12:17] [main/INFO]: [STDOUT]: [Stendhal] Config file created.
[06:12:17] [main/ERROR]: No data fixer registered for 
[06:12:17] [main/INFO]: Registered the FluidEffect with Unique ID of minecraft:water for Water (Fluid Amount Required: 81000) with the ID 0
[06:12:17] [main/INFO]: Registered the FluidEffect with Unique ID of minecraft:lava for Lava (Fluid Amount Required: 81000) with the ID 1
[06:12:17] [main/INFO]: Registered the FluidEffect with Unique ID of travelersbackpack:potion for block.travelersbackpack.potion_still (Fluid Amount Required: 27000) with the ID 2
[06:12:17] [main/INFO]: Registered the FluidEffect with Unique ID of milk:still_milk for Milk (Fluid Amount Required: 81000) with the ID 3
[06:12:17] [main/INFO]: [voicechat] Compatibility version 20
[06:12:17] [main/INFO]: [voicechat] Loading plugins
[06:12:17] [main/INFO]: [voicechat] Loaded 0 plugin(s)
[06:12:17] [main/INFO]: [voicechat] Initializing plugins
[06:12:17] [main/INFO]: [voicechat] Initialized 0 plugin(s)
[06:12:17] [main/WARN]: Configuration file ./config/watut-common.toml is not correct. Correcting
[06:12:17] [main/WARN]: Incorrect key general was corrected from null to its default, SynchronizedConfig{DataHolder:{}}. 
[06:12:17] [main/WARN]: Incorrect key general.announceIdleStatesInChat was corrected from null to its default, false. 
[06:12:17] [main/WARN]: Incorrect key general.ticksToMarkPlayerIdle was corrected from null to its default, 6000. 
[06:12:17] [main/WARN]: Configuration file ./config/watut-server.toml is not correct. Correcting
[06:12:17] [main/WARN]: Incorrect key general was corrected from null to its default, SynchronizedConfig{DataHolder:{}}. 
[06:12:17] [main/WARN]: Incorrect key general.dummySetting was corrected from null to its default, true. 
[06:12:17] [main/WARN]: Incorrect key general.dynamicGuiUseOldSimpleGUIVisual was corrected from null to its default, false. 
[06:12:17] [main/WARN]: Incorrect key general.dynamicGuiTickSendRateOfGUIUpdates was corrected from null to its default, 10. 
[06:12:17] [main/WARN]: Incorrect key general.dynamicGuiDontSendConstantGUIUpdates was corrected from null to its default, false. 
[06:12:17] [main/WARN]: Incorrect key general.dynamicGuiBlurLevel was corrected from null to its default, 1. 
[06:12:17] [main/WARN]: Incorrect key general.dynamicGuiSizeRadiusInPixelsToShow was corrected from null to its default, 112.0. 
[06:12:17] [main/WARN]: Incorrect key general.dynamicGuiShowClientsEntireScreen was corrected from null to its default, false. 
[06:12:17] [main/WARN]: Incorrect key general.dynamicGuiDisableBackgroundRendering was corrected from null to its default, true. 
[06:12:17] [main/WARN]: Incorrect key general.showItemsBeingTransferredBetweenPlayerAndContainer was corrected from null to its default, true. 
[06:12:17] [main/WARN]: Incorrect key general.distanceRequiredToShowGUIInfo was corrected from null to its default, 10. 
[06:12:17] [main/WARN]: Incorrect key general.showIdleStatesInPlayerList was corrected from null to its default, true. 
[06:12:17] [main/WARN]: Incorrect key general.showIdleStatesInPlayerAboveHead was corrected from null to its default, true. 
[06:12:17] [main/WARN]: Incorrect key general.showPlayerAnimations was corrected from null to its default, true. 
[06:12:17] [main/WARN]: Incorrect key general.showPlayerAnimation_Typing was corrected from null to its default, true. 
[06:12:17] [main/WARN]: Incorrect key general.showPlayerAnimation_Idle was corrected from null to its default, true. 
[06:12:17] [main/WARN]: Incorrect key general.showPlayerAnimation_Gui was corrected from null to its default, true. 
[06:12:17] [main/WARN]: Incorrect key general.showPlayerActiveNonChatGui was corrected from null to its default, true. 
[06:12:17] [main/WARN]: Incorrect key general.showPlayerActiveChatGui was corrected from null to its default, true. 
[06:12:17] [main/WARN]: Incorrect key general.screenTypingVisible was corrected from null to its default, true. 
[06:12:17] [main/WARN]: Incorrect key general.playScreenOpenSounds was corrected from null to its default, true. 
[06:12:17] [main/WARN]: Incorrect key general.playMouseClickSounds was corrected from null to its default, true. 
[06:12:17] [main/WARN]: Configuration file ./config/watut-client.toml is not correct. Correcting
[06:12:17] [main/WARN]: Incorrect key general was corrected from null to its default, SynchronizedConfig{DataHolder:{}}. 
[06:12:17] [main/WARN]: Incorrect key general.dummySetting was corrected from null to its default, true. 
[06:12:17] [main/WARN]: Incorrect key general.sendMouseInfo was corrected from null to its default, true. 
[06:12:17] [main/WARN]: Incorrect key general.sendTypingSpeed was corrected from null to its default, true. 
[06:12:17] [main/WARN]: Incorrect key general.sendActiveGui was corrected from null to its default, true. 
[06:12:17] [main/WARN]: Incorrect key general.sendIdleState was corrected from null to its default, true. 
[06:12:17] [main/WARN]: Incorrect key general.showIdleStatesInPlayerList was corrected from null to its default, true. 
[06:12:17] [main/WARN]: Incorrect key general.showIdleStatesInPlayerAboveHead was corrected from null to its default, true. 
[06:12:17] [main/WARN]: Incorrect key general.showPlayerAnimations was corrected from null to its default, true. 
[06:12:17] [main/WARN]: Incorrect key general.showPlayerAnimation_Typing was corrected from null to its default, true. 
[06:12:17] [main/WARN]: Incorrect key general.showPlayerAnimation_Idle was corrected from null to its default, true. 
[06:12:17] [main/WARN]: Incorrect key general.showPlayerAnimation_Gui was corrected from null to its default, true. 
[06:12:17] [main/WARN]: Incorrect key general.showPlayerActiveNonChatGui was corrected from null to its default, true. 
[06:12:17] [main/WARN]: Incorrect key general.showPlayerActiveChatGui was corrected from null to its default, true. 
[06:12:17] [main/WARN]: Incorrect key general.showPlayerActiveGuiIfNotExactMatch was corrected from null to its default, true. 
[06:12:17] [main/WARN]: Incorrect key general.screenTypingVisible was corrected from null to its default, true. 
[06:12:17] [main/WARN]: Incorrect key general.screenTypingRelativePosition_X was corrected from null to its default, 0. 
[06:12:17] [main/WARN]: Incorrect key general.screenTypingRelativePosition_Y was corrected from null to its default, 0. 
[06:12:17] [main/WARN]: Incorrect key general.screenTypingCharacterLimit was corrected from null to its default, 50. 
[06:12:17] [main/WARN]: Incorrect key general.screenTypingMultiplePlayersText was corrected from null to its default, Several people are typing. 
[06:12:17] [main/WARN]: Incorrect key general.screenTypingText was corrected from null to its default,  is typing. 
[06:12:17] [main/WARN]: Incorrect key general.playScreenOpenSounds was corrected from null to its default, true. 
[06:12:17] [main/WARN]: Incorrect key general.playMouseClickSounds was corrected from null to its default, true. 
[06:12:17] [main/WARN]: Incorrect key general.particleSizeScale was corrected from null to its default, 1.0. 
[06:12:17] [main/WARN]: Incorrect key general.tickReceiveAndRenderRateOfGUIUpdates was corrected from null to its default, 10. 
[06:12:17] [main/WARN]: Incorrect key general.dontSendDetailedGUIInfo was corrected from null to its default, false. 
[06:12:17] [main/WARN]: Incorrect key general.dontSendItemInfo was corrected from null to its default, false. 
[06:12:17] [main/INFO]: Reflections took 46 ms to scan 1 urls, producing 1 keys and 4 values
[06:12:17] [main/INFO]: Reflections took 4 ms to scan 1 urls, producing 1 keys and 4 values
[06:12:17] [main/INFO]: Krypton is now accelerating your Minecraft server's networking stack 🚀
[06:12:17] [main/INFO]: SlimyFloor 1.20-1.2.8 loaded
[06:12:17] [main/WARN]: Configuration file ./config/farmersdelight-common.toml is not correct. Correcting
[06:12:17] [main/WARN]: Incorrect key settings was corrected from null to its default, SynchronizedConfig{DataHolder:{}}. 
[06:12:17] [main/WARN]: Incorrect key settings.enableVanillaCropCrates was corrected from null to its default, true. 
[06:12:17] [main/WARN]: Incorrect key settings.farmersBuyFDCrops was corrected from null to its default, true. 
[06:12:17] [main/WARN]: Incorrect key settings.wanderingTraderSellsFDItems was corrected from null to its default, true. 
[06:12:17] [main/WARN]: Incorrect key settings.richSoilBoostChance was corrected from null to its default, 0.2. 
[06:12:17] [main/WARN]: Incorrect key settings.cuttingBoardFortuneBonus was corrected from null to its default, 0.1. 
[06:12:17] [main/WARN]: Incorrect key settings.enableRopeReeling was corrected from null to its default, true. 
[06:12:17] [main/WARN]: Incorrect key settings.canvasSignDarkBackgroundList was corrected from null to its default, [gray, purple, blue, brown, green, red, black]. 
[06:12:17] [main/WARN]: Incorrect key farming was corrected from null to its default, SynchronizedConfig{DataHolder:{}}. 
[06:12:17] [main/WARN]: Incorrect key farming.defaultTomatoVineRope was corrected from null to its default, farmersdelight:rope. 
[06:12:17] [main/WARN]: Incorrect key farming.enableTomatoVineClimbingTaggedRopes was corrected from null to its default, true. 
[06:12:17] [main/WARN]: Incorrect key recipe_book was corrected from null to its default, SynchronizedConfig{DataHolder:{}}. 
[06:12:17] [main/WARN]: Incorrect key recipe_book.enableRecipeBookCookingPot was corrected from null to its default, true. 
[06:12:17] [main/WARN]: Incorrect key overrides was corrected from null to its default, SynchronizedConfig{DataHolder:{}}. 
[06:12:17] [main/WARN]: Incorrect key overrides.vanillaSoupExtraEffects was corrected from null to its default, true. 
[06:12:17] [main/WARN]: Incorrect key overrides.rabbitStewJumpBoost was corrected from null to its default, true. 
[06:12:17] [main/WARN]: Incorrect key overrides.dispenserUsesToolsOnCuttingBoard was corrected from null to its default, true. 
[06:12:17] [main/WARN]: Incorrect key overrides.stack_size was corrected from null to its default, SynchronizedConfig{DataHolder:{}}. 
[06:12:17] [main/WARN]: Incorrect key overrides.stack_size.enableStackableSoupItems was corrected from null to its default, true. 
[06:12:17] [main/WARN]: Incorrect key overrides.stack_size.soupItemList was corrected from null to its default, [minecraft:mushroom_stew, minecraft:beetroot_soup, minecraft:rabbit_stew]. 
[06:12:17] [main/WARN]: Incorrect key world was corrected from null to its default, SynchronizedConfig{DataHolder:{}}. 
[06:12:17] [main/WARN]: Incorrect key world.generateFDChestLoot was corrected from null to its default, true. 
[06:12:17] [main/WARN]: Incorrect key world.genVillageCompostHeaps was corrected from null to its default, true. 
[06:12:17] [main/WARN]: Incorrect key world.genFDCropsOnVillageFarms was corrected from null to its default, true. 
[06:12:17] [main/WARN]: Incorrect key world.wild_cabbages was corrected from null to its default, SynchronizedConfig{DataHolder:{}}. 
[06:12:17] [main/WARN]: Incorrect key world.wild_cabbages.chance was corrected from null to its default, 30. 
[06:12:17] [main/WARN]: Incorrect key world.wild_beetroots was corrected from null to its default, SynchronizedConfig{DataHolder:{}}. 
[06:12:17] [main/WARN]: Incorrect key world.wild_beetroots.chance was corrected from null to its default, 30. 
[06:12:17] [main/WARN]: Incorrect key world.wild_potatoes was corrected from null to its default, SynchronizedConfig{DataHolder:{}}. 
[06:12:17] [main/WARN]: Incorrect key world.wild_potatoes.chance was corrected from null to its default, 100. 
[06:12:17] [main/WARN]: Incorrect key world.wild_carrots was corrected from null to its default, SynchronizedConfig{DataHolder:{}}. 
[06:12:17] [main/WARN]: Incorrect key world.wild_carrots.chance was corrected from null to its default, 120. 
[06:12:17] [main/WARN]: Incorrect key world.wild_onions was corrected from null to its default, SynchronizedConfig{DataHolder:{}}. 
[06:12:17] [main/WARN]: Incorrect key world.wild_onions.chance was corrected from null to its default, 120. 
[06:12:17] [main/WARN]: Incorrect key world.wild_tomatoes was corrected from null to its default, SynchronizedConfig{DataHolder:{}}. 
[06:12:17] [main/WARN]: Incorrect key world.wild_tomatoes.chance was corrected from null to its default, 100. 
[06:12:17] [main/WARN]: Incorrect key world.wild_rice was corrected from null to its default, SynchronizedConfig{DataHolder:{}}. 
[06:12:17] [main/WARN]: Incorrect key world.wild_rice.chance was corrected from null to its default, 20. 
[06:12:17] [main/WARN]: Incorrect key world.brown_mushroom_colonies was corrected from null to its default, SynchronizedConfig{DataHolder:{}}. 
[06:12:17] [main/WARN]: Incorrect key world.brown_mushroom_colonies.genBrownMushroomColony was corrected from null to its default, true. 
[06:12:17] [main/WARN]: Incorrect key world.brown_mushroom_colonies.chance was corrected from null to its default, 15. 
[06:12:17] [main/WARN]: Incorrect key world.red_mushroom_colonies was corrected from null to its default, SynchronizedConfig{DataHolder:{}}. 
[06:12:17] [main/WARN]: Incorrect key world.red_mushroom_colonies.genRedMushroomColony was corrected from null to its default, true. 
[06:12:17] [main/WARN]: Incorrect key world.red_mushroom_colonies.chance was corrected from null to its default, 15. 
[06:12:17] [main/ERROR]: Failed to load properties from file: server.properties
java.nio.file.NoSuchFileException: server.properties
	at sun.nio.fs.UnixException.translateToIOException(UnixException.java:92) ~[?:?]
	at sun.nio.fs.UnixException.rethrowAsIOException(UnixException.java:106) ~[?:?]
	at sun.nio.fs.UnixException.rethrowAsIOException(UnixException.java:111) ~[?:?]
	at sun.nio.fs.UnixFileSystemProvider.newByteChannel(UnixFileSystemProvider.java:218) ~[?:?]
	at java.nio.file.Files.newByteChannel(Files.java:380) ~[?:?]
	at java.nio.file.Files.newByteChannel(Files.java:432) ~[?:?]
	at java.nio.file.spi.FileSystemProvider.newInputStream(FileSystemProvider.java:422) ~[?:?]
	at java.nio.file.Files.newInputStream(Files.java:160) ~[?:?]
	at net.minecraft.class_3808.method_16727(class_3808.java:62) ~[server-intermediary.jar:?]
	at net.minecraft.class_3806.method_16714(class_3806.java:137) ~[server-intermediary.jar:?]
	at net.minecraft.class_3807.<init>(class_3807.java:12) ~[server-intermediary.jar:?]
	at net.minecraft.server.Main.main(Main.java:115) ~[server-intermediary.jar:?]
	at net.fabricmc.loader.impl.game.minecraft.MinecraftGameProvider.launch(MinecraftGameProvider.java:506) ~[fabric-loader-0.17.3.jar:?]
	at net.fabricmc.loader.impl.launch.knot.Knot.launch(Knot.java:72) ~[fabric-loader-0.17.3.jar:?]
	at net.fabricmc.loader.impl.launch.knot.KnotServer.main(KnotServer.java:23) ~[fabric-loader-0.17.3.jar:?]
	at net.fabricmc.loader.impl.launch.server.FabricServerLauncher.main(FabricServerLauncher.java:69) ~[fabric-loader-0.17.3.jar:?]
	at net.fabricmc.installer.ServerLauncher.main(ServerLauncher.java:69) ~[fabric-server-mc.1.20.1-loader.0.17.3-launcher.1.1.0.jar:1.1.0]
[06:12:17] [main/WARN]: Failed to load eula.txt
[06:12:17] [main/INFO]: You need to agree to the EULA in order to run the server. Go to eula.txt for more info.
